<?xml version="1.0" encoding="UTF-8"?>
<!-- Generated by org.testng.reporters.JUnitReportReporter -->
<testsuite hostname="DESKTOP-449DJMC" failures="0" tests="3" name="com.qa.mystore.tests.HomePageTest" time="15.573" errors="0" timestamp="27 Jun 2022 09:10:11 GMT" skipped="0">
  <testcase classname="com.qa.mystore.tests.HomePageTest" name="homePageTitleTest" time="4.993"/>
  <testcase classname="com.qa.mystore.tests.HomePageTest" name="isSignInExistTest" time="0.618"/>
  <testcase classname="com.qa.mystore.tests.HomePageTest" name="cickOnSignInTest" time="9.962"/>
</testsuite> <!-- com.qa.mystore.tests.HomePageTest -->
