<?xml version="1.0" encoding="UTF-8"?>
<!-- Generated by org.testng.reporters.JUnitReportReporter -->
<testsuite hostname="DESKTOP-449DJMC" failures="0" tests="6" name="com.qa.mystore.tests.LoginPageTest" time="11.051" errors="0" timestamp="27 Jun 2022 09:10:11 GMT" skipped="1">
  <testcase classname="com.qa.mystore.tests.LoginPageTest" name="getLoginPageTitleTest" time="0.030"/>
  <testcase classname="com.qa.mystore.tests.LoginPageTest" name="isSignInbtnExistTest" time="0.310"/>
  <testcase classname="com.qa.mystore.tests.LoginPageTest" name="isForgotPasswordExistTest" time="0.119"/>
  <testcase classname="com.qa.mystore.tests.LoginPageTest" name="isCreateAnAccoutbtnExistTest" time="0.093"/>
  <testcase classname="com.qa.mystore.tests.LoginPageTest" name="doLoginTest" time="10.499"/>
  <testcase classname="com.qa.mystore.tests.LoginPageTest" name="clickOnCreateAccountbtnTest">
    <skipped/>
  </testcase> <!-- clickOnCreateAccountbtnTest -->
</testsuite> <!-- com.qa.mystore.tests.LoginPageTest -->
